@(#)$CDS: LVS.exe version 5.1.0 10/28/2008 10:20 (cicln03) $

Command line: /CMC/tools/cadence/IC5141USR6_lnx86/tools.lnx86/dfII/bin/32bit/LVS.exe -dir /home/student1/jflin/ele734/LVS -l -s -x/home/student1/jflin/ele734/LVS/xref.out -t /home/student1/jflin/ele734/LVS/layout /home/student1/jflin/ele734/LVS/schematic
Like matching is enabled.
Net swapping is enabled.
Creating cross reference file /home/student1/jflin/ele734/LVS/xref.out.
Using terminal names as correspondence points.

    Net-list summary for /home/student1/jflin/ele734/LVS/layout/netlist
       count
	23		nets
	7		terminals
	18		nfet
	18		pfet

    Net-list summary for /home/student1/jflin/ele734/LVS/schematic/netlist
       count
	23		nets
	7		terminals
	18		nfet
	18		pfet


    Terminal correspondence points
    N20       N7        A
    N22       N10       B
    N0        N0        Cin
    N21       N6        Cout
    N12       N11       GND
    N14       N12       Sum
    N1        N3        VDD

Devices in the rules but not in the netlist:
        pfet_rf nfet_rf 3Vnfet_rf 3Vpfet_rf nmoscap 3Vnmoscap nfet_na 3Vnfet
        3Vnfet_na 3Vpfet capacitor mimcap resistor

The net-lists match.

			     layout  schematic
				instances
	un-matched		0	0
	rewired			0	0
	size errors		0	0
	pruned			0	0
	active			36	36
	total			36	36

				  nets
	un-matched		0	0
	merged			0	0
	pruned			0	0
	active			23	23
	total			23	23

				terminals
	un-matched		0	0
	matched but
	different type		0	0
	total			7	7


Probe files from /home/student1/jflin/ele734/LVS/schematic

devbad.out:

netbad.out:

mergenet.out:

termbad.out:

prunenet.out:

prunedev.out:

audit.out:


Probe files from /home/student1/jflin/ele734/LVS/layout

devbad.out:

netbad.out:

mergenet.out:

termbad.out:

prunenet.out:

prunedev.out:

audit.out:
