value=
val_type=shmem_wave
data_type=double
value_id=917516
semaphore_id=98306
eval_id=
value=
val_type=shmem_wave
data_type=double
value_id=917516
semaphore_id=98306
eval_id=
value=
val_type=shmem_wave
data_type=double
value_id=917516
semaphore_id=98306
eval_id=
value=
val_type=shmem_wave
data_type=double
value_id=917516
semaphore_id=98306
eval_id=
value=
val_type=shmem_wave
data_type=double
value_id=917516
semaphore_id=98306
eval_id=
value=
val_type=shmem_wave
data_type=double
value_id=917516
semaphore_id=98306
eval_id=
value=
val_type=shmem_wave
data_type=double
value_id=917516
semaphore_id=98306
eval_id=
value=
val_type=shmem_wave
data_type=double
value_id=917516
semaphore_id=98306
eval_id=
value=
val_type=shmem_wave
data_type=double
value_id=917516
semaphore_id=98306
eval_id=
value=
val_type=shmem_wave
data_type=double
value_id=917516
semaphore_id=98306
eval_id=
value=
val_type=shmem_wave
data_type=double
value_id=917516
semaphore_id=98306
eval_id=
value=
val_type=shmem_wave
data_type=double
value_id=917516
semaphore_id=98306
eval_id=
