si: simSetDef().... lvsSchematicViewList is initialized to ("auLvs" "schematic")
.
si: simSetDef().... lvsLayoutViewList is initialized to ("auLvs" "extracted"
"schematic") .
si: simSetDef().... lvsLayoutStopList is initialized to ("auLvs") .
si: simSetDef().... lvsSchematicStopList is initialized to ("auLvs") .
si: simSetDef().... simInstViewListTable is initialized to "nil".
si: simSetDef().... simInstStopListTable is initialized to "nil".
si: simSetDef().... applyDeviceFixing is already set to t. Redefinition to nil
is ignored.
si: simSetDef().... lvsNetlistLayout is already set to t. Redefinition to nil is
ignored.
si: simSetDef().... lvsNetlistSchematic is already set to t. Redefinition to nil
is ignored.
si: simSetDef().... correspondenceFile is already set to
"/home/student1/jflin/ele734/lvs_corr_file". Redefinition to nil is ignored.
si: simSetDef().... createXref is already set to t. Redefinition to nil is
ignored.
si: simSetDef().... disableLikeMatch is initialized to "nil".
si: simSetDef().... disableRewire is initialized to "nil".
si: simSetDef().... useFileCorrespondence is initialized to "nil".
si: simSetDef().... useLastBinaryXrefTable is initialized to "nil".
si: simSetDef().... useTerminalCorrespondence is already set to t. Redefinition
to nil is ignored.
si: simSetDef().... lvsRulesFilePath is already set to "divaLVS.rul".
Redefinition to "" is ignored.
si: simSetDef().... lvsRulesLibName is already set to "cmosp18". Redefinition to
"" is ignored.
si: simSetDef().... lvsRulesFromLib is already set to t. Redefinition to nil is
ignored.
si: simSetDef().... simInstViewListTable is initialized to "nil".
si: simSetDef().... simInstStopListTable is initialized to "nil".
si: simSetDef().... applyDeviceFixing is already set to t. Redefinition to nil
is ignored.
si: simSetDef().... lvsNetlistLayout is already set to t. Redefinition to nil is
ignored.
si: simSetDef().... lvsNetlistSchematic is already set to t. Redefinition to nil
is ignored.
si: simSetDef().... correspondenceFile is already set to
"/home/student1/jflin/ele734/lvs_corr_file". Redefinition to nil is ignored.
si: simSetDef().... createXref is already set to t. Redefinition to nil is
ignored.
si: simSetDef().... disableLikeMatch is initialized to "nil".
si: simSetDef().... disableRewire is initialized to "nil".
si: simSetDef().... useFileCorrespondence is initialized to "nil".
si: simSetDef().... useLastBinaryXrefTable is initialized to "nil".
si: simSetDef().... useTerminalCorrespondence is already set to t. Redefinition
to nil is ignored.
si: simSetDef().... lvsRulesFilePath is already set to "divaLVS.rul".
Redefinition to "" is ignored.
si: simSetDef().... lvsRulesLibName is already set to "cmosp18". Redefinition to
"" is ignored.
si: simSetDef().... lvsRulesFromLib is already set to t. Redefinition to nil is
ignored.
si: simSetDef().... simInstViewListTable is initialized to "nil".
si: simSetDef().... simInstStopListTable is initialized to "nil".
si: simSetDef().... applyDeviceFixing is already set to t. Redefinition to nil
is ignored.
si: simSetDef().... lvsNetlistLayout is already set to t. Redefinition to nil is
ignored.
si: simSetDef().... lvsNetlistSchematic is already set to t. Redefinition to nil
is ignored.
si: simSetDef().... correspondenceFile is already set to
"/home/student1/jflin/ele734/lvs_corr_file". Redefinition to nil is ignored.
si: simSetDef().... createXref is already set to t. Redefinition to nil is
ignored.
si: simSetDef().... disableLikeMatch is initialized to "nil".
si: simSetDef().... disableRewire is initialized to "nil".
si: simSetDef().... useFileCorrespondence is initialized to "nil".
si: simSetDef().... useLastBinaryXrefTable is initialized to "nil".
si: simSetDef().... useTerminalCorrespondence is already set to t. Redefinition
to nil is ignored.
si: simSetDef().... lvsRulesFilePath is already set to "divaLVS.rul".
Redefinition to "" is ignored.
si: simSetDef().... lvsRulesLibName is already set to "cmosp18". Redefinition to
"" is ignored.
si: simSetDef().... lvsRulesFromLib is already set to t. Redefinition to nil is
ignored.
si: simSetDef().... simInstViewListTable is initialized to "nil".
si: simSetDef().... simInstStopListTable is initialized to "nil".
si: simSetDef().... applyDeviceFixing is already set to t. Redefinition to nil
is ignored.
si: simSetDef().... lvsNetlistLayout is already set to t. Redefinition to nil is
ignored.
si: simSetDef().... lvsNetlistSchematic is already set to t. Redefinition to nil
is ignored.
si: simSetDef().... correspondenceFile is already set to
"/home/student1/jflin/ele734/lvs_corr_file". Redefinition to nil is ignored.
si: simSetDef().... createXref is already set to t. Redefinition to nil is
ignored.
si: simSetDef().... disableLikeMatch is initialized to "nil".
si: simSetDef().... disableRewire is initialized to "nil".
si: simSetDef().... useFileCorrespondence is initialized to "nil".
si: simSetDef().... useLastBinaryXrefTable is initialized to "nil".
si: simSetDef().... useTerminalCorrespondence is already set to t. Redefinition
to nil is ignored.
si: simSetDef().... lvsRulesFilePath is already set to "divaLVS.rul".
Redefinition to "" is ignored.
si: simSetDef().... lvsRulesLibName is already set to "cmosp18". Redefinition to
"" is ignored.
si: simSetDef().... lvsRulesFromLib is already set to t. Redefinition to nil is
ignored.
si: simSetDef().... simInstViewListTable is initialized to "nil".
si: simSetDef().... simInstStopListTable is initialized to "nil".
si: simSetDef().... applyDeviceFixing is already set to t. Redefinition to nil
is ignored.
si: simSetDef().... lvsNetlistLayout is already set to t. Redefinition to nil is
ignored.
si: simSetDef().... lvsNetlistSchematic is already set to t. Redefinition to nil
is ignored.
si: simSetDef().... correspondenceFile is already set to
"/home/student1/jflin/ele734/lvs_corr_file". Redefinition to nil is ignored.
si: simSetDef().... createXref is already set to t. Redefinition to nil is
ignored.
si: simSetDef().... disableLikeMatch is initialized to "nil".
si: simSetDef().... disableRewire is initialized to "nil".
si: simSetDef().... useFileCorrespondence is initialized to "nil".
si: simSetDef().... useLastBinaryXrefTable is initialized to "nil".
si: simSetDef().... useTerminalCorrespondence is already set to t. Redefinition
to nil is ignored.
si: simSetDef().... lvsRulesFilePath is already set to "divaLVS.rul".
Redefinition to "" is ignored.
si: simSetDef().... lvsRulesLibName is already set to "cmosp18". Redefinition to
"" is ignored.
si: simSetDef().... lvsRulesFromLib is already set to t. Redefinition to nil is
ignored.
si: simSetDef().... simInstViewListTable is initialized to "nil".
si: simSetDef().... simInstStopListTable is initialized to "nil".
si: simSetDef().... applyDeviceFixing is already set to t. Redefinition to nil
is ignored.
si: simSetDef().... lvsNetlistLayout is already set to t. Redefinition to nil is
ignored.
si: simSetDef().... lvsNetlistSchematic is already set to t. Redefinition to nil
is ignored.
si: simSetDef().... correspondenceFile is already set to
"/home/student1/jflin/ele734/lvs_corr_file". Redefinition to nil is ignored.
si: simSetDef().... createXref is already set to t. Redefinition to nil is
ignored.
si: simSetDef().... disableLikeMatch is initialized to "nil".
si: simSetDef().... disableRewire is initialized to "nil".
si: simSetDef().... useFileCorrespondence is initialized to "nil".
si: simSetDef().... useLastBinaryXrefTable is initialized to "nil".
si: simSetDef().... useTerminalCorrespondence is already set to t. Redefinition
to nil is ignored.
si: simSetDef().... lvsRulesFilePath is already set to "divaLVS.rul".
Redefinition to "" is ignored.
si: simSetDef().... lvsRulesLibName is already set to "cmosp18". Redefinition to
"" is ignored.
si: simSetDef().... lvsRulesFromLib is already set to t. Redefinition to nil is
ignored.
si: simSetDef().... simInstViewListTable is initialized to "nil".
si: simSetDef().... simInstStopListTable is initialized to "nil".
si: simSetDef().... applyDeviceFixing is already set to t. Redefinition to nil
is ignored.
si: simSetDef().... lvsNetlistLayout is already set to t. Redefinition to nil is
ignored.
si: simSetDef().... lvsNetlistSchematic is already set to t. Redefinition to nil
is ignored.
si: simSetDef().... correspondenceFile is already set to
"/home/student1/jflin/ele734/lvs_corr_file". Redefinition to nil is ignored.
si: simSetDef().... createXref is already set to t. Redefinition to nil is
ignored.
si: simSetDef().... disableLikeMatch is initialized to "nil".
si: simSetDef().... disableRewire is initialized to "nil".
si: simSetDef().... useFileCorrespondence is initialized to "nil".
si: simSetDef().... useLastBinaryXrefTable is initialized to "nil".
si: simSetDef().... useTerminalCorrespondence is already set to t. Redefinition
to nil is ignored.
si: simSetDef().... lvsRulesFilePath is already set to "divaLVS.rul".
Redefinition to "" is ignored.
si: simSetDef().... lvsRulesLibName is already set to "cmosp18". Redefinition to
"" is ignored.
si: simSetDef().... lvsRulesFromLib is already set to t. Redefinition to nil is
ignored.
si: simSetDef().... simInstViewListTable is initialized to "nil".
si: simSetDef().... simInstStopListTable is initialized to "nil".
si: simSetDef().... applyDeviceFixing is already set to t. Redefinition to nil
is ignored.
si: simSetDef().... lvsNetlistLayout is already set to t. Redefinition to nil is
ignored.
si: simSetDef().... lvsNetlistSchematic is already set to t. Redefinition to nil
is ignored.
si: simSetDef().... correspondenceFile is already set to
"/home/student1/jflin/ele734/lvs_corr_file". Redefinition to nil is ignored.
si: simSetDef().... createXref is already set to t. Redefinition to nil is
ignored.
si: simSetDef().... disableLikeMatch is initialized to "nil".
si: simSetDef().... disableRewire is initialized to "nil".
si: simSetDef().... useFileCorrespondence is initialized to "nil".
si: simSetDef().... useLastBinaryXrefTable is initialized to "nil".
si: simSetDef().... useTerminalCorrespondence is already set to t. Redefinition
to nil is ignored.
si: simSetDef().... lvsRulesFilePath is already set to "divaLVS.rul".
Redefinition to "" is ignored.
si: simSetDef().... lvsRulesLibName is already set to "cmosp18". Redefinition to
"" is ignored.
si: simSetDef().... lvsRulesFromLib is already set to t. Redefinition to nil is
ignored.
si: simSetDef().... simInstViewListTable is initialized to "nil".
si: simSetDef().... simInstStopListTable is initialized to "nil".
si: simSetDef().... applyDeviceFixing is already set to t. Redefinition to nil
is ignored.
si: simSetDef().... lvsNetlistLayout is already set to t. Redefinition to nil is
ignored.
si: simSetDef().... lvsNetlistSchematic is already set to t. Redefinition to nil
is ignored.
si: simSetDef().... correspondenceFile is already set to
"/home/student1/jflin/ele734/lvs_corr_file". Redefinition to nil is ignored.
si: simSetDef().... createXref is already set to t. Redefinition to nil is
ignored.
si: simSetDef().... disableLikeMatch is initialized to "nil".
si: simSetDef().... disableRewire is initialized to "nil".
si: simSetDef().... useFileCorrespondence is initialized to "nil".
si: simSetDef().... useLastBinaryXrefTable is initialized to "nil".
si: simSetDef().... useTerminalCorrespondence is already set to t. Redefinition
to nil is ignored.
si: simSetDef().... lvsRulesFilePath is already set to "divaLVS.rul".
Redefinition to "" is ignored.
si: simSetDef().... lvsRulesLibName is already set to "cmosp18". Redefinition to
"" is ignored.
si: simSetDef().... lvsRulesFromLib is already set to t. Redefinition to nil is
ignored.
si: simSetDef().... simInstViewListTable is initialized to "nil".
si: simSetDef().... simInstStopListTable is initialized to "nil".
si: simSetDef().... applyDeviceFixing is already set to t. Redefinition to nil
is ignored.
si: simSetDef().... lvsNetlistLayout is already set to t. Redefinition to nil is
ignored.
si: simSetDef().... lvsNetlistSchematic is already set to t. Redefinition to nil
is ignored.
si: simSetDef().... correspondenceFile is already set to
"/home/student1/jflin/ele734/lvs_corr_file". Redefinition to nil is ignored.
si: simSetDef().... createXref is already set to t. Redefinition to nil is
ignored.
si: simSetDef().... disableLikeMatch is initialized to "nil".
si: simSetDef().... disableRewire is initialized to "nil".
si: simSetDef().... useFileCorrespondence is initialized to "nil".
si: simSetDef().... useLastBinaryXrefTable is initialized to "nil".
si: simSetDef().... useTerminalCorrespondence is already set to t. Redefinition
to nil is ignored.
si: simSetDef().... lvsRulesFilePath is already set to "divaLVS.rul".
Redefinition to "" is ignored.
si: simSetDef().... lvsRulesLibName is already set to "cmosp18". Redefinition to
"" is ignored.
si: simSetDef().... lvsRulesFromLib is already set to t. Redefinition to nil is
ignored.
si: simSetDef().... simInstViewListTable is initialized to "nil".
si: simSetDef().... simInstStopListTable is initialized to "nil".
si: simSetDef().... applyDeviceFixing is already set to t. Redefinition to nil
is ignored.
si: simSetDef().... lvsNetlistLayout is already set to t. Redefinition to nil is
ignored.
si: simSetDef().... lvsNetlistSchematic is already set to t. Redefinition to nil
is ignored.
si: simSetDef().... correspondenceFile is already set to
"/home/student1/jflin/ele734/lvs_corr_file". Redefinition to nil is ignored.
si: simSetDef().... createXref is already set to t. Redefinition to nil is
ignored.
si: simSetDef().... disableLikeMatch is initialized to "nil".
si: simSetDef().... disableRewire is initialized to "nil".
si: simSetDef().... useFileCorrespondence is initialized to "nil".
si: simSetDef().... useLastBinaryXrefTable is initialized to "nil".
si: simSetDef().... useTerminalCorrespondence is already set to t. Redefinition
to nil is ignored.
si: simSetDef().... lvsRulesFilePath is already set to "divaLVS.rul".
Redefinition to "" is ignored.
si: simSetDef().... lvsRulesLibName is already set to "cmosp18". Redefinition to
"" is ignored.
si: simSetDef().... lvsRulesFromLib is already set to t. Redefinition to nil is
ignored.
