@(#)$CDS: LVS.exe version 5.1.0 10/28/2008 10:20 (cicln03) $

Command line: /CMC/tools/cadence/IC5141USR6_lnx86/tools.lnx86/dfII/bin/32bit/LVS.exe -dir /home/student1/jflin/ele734/LVSZ -l -s -x/home/student1/jflin/ele734/LVSZ/xref.out -f -t /home/student1/jflin/ele734/LVSZ/layout /home/student1/jflin/ele734/LVSZ/schematic
Like matching is enabled.
Net swapping is enabled.
Creating cross reference file /home/student1/jflin/ele734/LVSZ/xref.out.
Fixed device checking is enabled.
Using terminal names as correspondence points.

    Net-list summary for /home/student1/jflin/ele734/LVSZ/layout/netlist
       count
	23		nets
	7		terminals
	18		nfet
	18		pfet

    Net-list summary for /home/student1/jflin/ele734/LVSZ/schematic/netlist
       count
	23		nets
	7		terminals
	18		nfet
	18		pfet


    Terminal correspondence points
    N20       N6        A
    N22       N10       B
    N21       N7        Cout
    N12       N9        GND
    N14       N12       Sum
    N0        N1        VDD

Devices in the rules but not in the netlist:
        pfet_rf nfet_rf 3Vnfet_rf 3Vpfet_rf nmoscap 3Vnmoscap nfet_na 3Vnfet
        3Vnfet_na 3Vpfet capacitor mimcap resistor

    Ill-defined correspondence points.

	N0	N1  Accepted because one is a subset of the other
	N0	N1  Accepted because one is a subset of the other


	Device summary for layout
		   bad  total
	pfet	     3     18


	Device summary for schematic
		   bad  total
	pfet	     3     18

1 net-list ambiguity was resolved by random selection.

The net-lists failed to match.

			     layout  schematic
				instances
	un-matched		3	3
	rewired			1	0
	size errors		33	33
	pruned			0	0
	active			36	36
	total			36	36

				  nets
	un-matched		2	2
	merged			0	0
	pruned			0	0
	active			23	23
	total			23	23

				terminals
	un-matched		1	1
	matched but
	different type		3	3
	total			7	7


Probe files from /home/student1/jflin/ele734/LVSZ/schematic

devbad.out:
I /I34/M3
? Device does not cross-match.
I /I32/M3
? Device does not cross-match.
I /I34/M2
? Device does not cross-match.

netbad.out:
N /net08
? Net does not cross-match. It has 5 connections.
N /net023
? Net does not cross-match. It has 9 connections.

mergenet.out:

termbad.out:
? Terminal B's type in the schematic: input, in the layout: inputOutput
T -1  Cin /Cin
? Terminal Cin in the schematic is not present in the layout.
? Terminal GND's type in the schematic: inputOutput, in the layout: output
? Terminal VDD's type in the schematic: inputOutput, in the layout: input

prunenet.out:

prunedev.out:

audit.out:
The no. of lines exceeded than specified by the variable lvsLimitLinesInOutFile.
To see the complete information please see the file:
/home/student1/jflin/ele734/LVSZ/schematic/audit.out


Probe files from /home/student1/jflin/ele734/LVSZ/layout

devbad.out:
I /+31
? Device does not cross-match.
I /+30
? Device does not cross-match.
I /+26
? Device does not cross-match.

netbad.out:
N /14
? Net does not cross-match. It has 4 connections.
N /12
? Net does not cross-match. It has 8 connections.

mergenet.out:

termbad.out:
T /+13 G /C
? Terminal "G" on device /+13 should be connected to /12 instead of /C
? Terminal B's type in the layout: inputOutput, in the schematic: input
T -1  C /C
? Terminal C in the layout is not present in the schematic.
? Terminal GND's type in the layout: output, in the schematic: inputOutput
? Terminal VDD's type in the layout: input, in the schematic: inputOutput

prunenet.out:

prunedev.out:

audit.out:
The no. of lines exceeded than specified by the variable lvsLimitLinesInOutFile.
To see the complete information please see the file:
/home/student1/jflin/ele734/LVSZ/layout/audit.out
